	(Comment
		(Time 07/14/13,09:00:08)
		(User horner)
		(MsgId ECO_081)
		(Text "Symbol sym_10 added to cell")
		(Param1 "sym_10")
	)
	(Comment
		(Time 07/14/13,09:00:40)
		(User horner)
		(MsgId ECO_082)
		(Text "Symbol sym_10 deleted from cell")
		(Param1 "sym_10")
	)
	(Comment
		(Time 07/14/13,10:07:22)
		(User horner)
		(MsgId ECO_081)
		(Text "Symbol sym_10 added to cell")
		(Param1 "sym_10")
	)
	(Comment
		(Time 07/14/13,10:09:08)
		(User horner)
		(MsgId ECO_082)
		(Text "Symbol sym_10 deleted from cell")
		(Param1 "sym_10")
	)
	(Comment
		(Time 09/11/13,05:42:10)
		(User horner)
		(MsgId ECO_081)
		(Text "Symbol sym_10 added to cell")
		(Param1 "sym_10")
	)
	(Comment
		(Time 09/11/13,05:43:43)
		(User horner)
		(MsgId ECO_082)
		(Text "Symbol sym_10 deleted from cell")
		(Param1 "sym_10")
	)
	(Comment
		(Time 09/11/13,05:44:10)
		(User horner)
		(MsgId ECO_081)
		(Text "Symbol sym_10 added to cell")
		(Param1 "sym_10")
	)
	(Comment
		(Time 09/11/13,05:44:54)
		(User horner)
		(MsgId ECO_082)
		(Text "Symbol sym_10 deleted from cell")
		(Param1 "sym_10")
	)
	(Comment
		(Time 09/11/13,05:47:25)
		(User horner)
		(MsgId ECO_081)
		(Text "Symbol sym_10 added to cell")
		(Param1 "sym_10")
	)
	(Comment
		(Time 09/17/13,17:56:38)
		(User horner)
		(MsgId ECO_081)
		(Text "Symbol sym_11 added to cell")
		(Param1 "sym_11")
	)
	(Comment
		(Time 09/17/13,17:57:00)
		(User horner)
		(MsgId ECO_082)
		(Text "Symbol sym_10 deleted from cell")
		(Param1 "sym_10")
	)
	(Comment
		(Time 09/17/13,17:57:10)
		(User horner)
		(MsgId ECO_083)
		(Text "Symbol sym_11 renamed to sym_10")
		(Param1 "sym_11")
		(Param2 "sym_10")
	)
	(Comment
		(Time 12/12/13,08:38:23)
		(User horner)
		(MsgId ECO_081)
		(Text "Symbol sym_11 added to cell")
		(Param1 "sym_11")
	)
	(Comment
		(Time 12/12/13,08:43:55)
		(User horner)
		(MsgId ECO_081)
		(Text "Symbol sym_12 added to cell")
		(Param1 "sym_12")
	)
	(Comment
		(Time 12/12/13,08:44:16)
		(User horner)
		(MsgId ECO_082)
		(Text "Symbol sym_12 deleted from cell")
		(Param1 "sym_12")
	)
	(Comment
		(Time 12/19/13,18:53:53)
		(User horner)
		(MsgId ECO_082)
		(Text "Symbol sym_11 deleted from cell")
		(Param1 "sym_11")
	)
