
	(Comment
		(Time 03/06/05,16:26:10)
		(User sureshg)
		(MsgId ECO_332)
		(Text "Revision for symbol sym_4 has been updated to 1.0.0")
		(Param1 sym_4)
		(Param2 1.0.0)
	)
	(Comment
		(Time 03/06/05,16:26:10)
		(User sureshg)
		(MsgId ECO_332)
		(Text "Revision for symbol sym_3 has been updated to 1.0.0")
		(Param1 sym_3)
		(Param2 1.0.0)
	)
	(Comment
		(Time 03/06/05,16:26:10)
		(User sureshg)
		(MsgId ECO_332)
		(Text "Revision for symbol sym_2 has been updated to 1.0.0")
		(Param1 sym_2)
		(Param2 1.0.0)
	)
	(Comment
		(Time 03/06/05,16:26:10)
		(User sureshg)
		(MsgId ECO_332)
		(Text "Revision for symbol sym_1 has been updated to 1.0.0")
		(Param1 sym_1)
		(Param2 1.0.0)
	)
	(Comment
		(Time 03/06/05,16:26:10)
		(User sureshg)
		(MsgId ECO_331)
		(Text "Revision for cell 10 merge has been updated to 1.0.0")
		(Param1 10 merge)
		(Param2 1.0.0)
	)
