	(Comment
		(Time 03/18/09,17:03:23)
		(User chimike)
		(MsgId ECO_022)
		(Text "Package DDR3_2GB_X16_SDRAM_FBGA78 deleted from cell")
		(Param1 DDR3_2GB_X16_SDRAM_FBGA78)
	)
	(Comment
		(Time 01/26/10,21:06:24)
		(User chimike)
		(MsgId ECO_332)
		(Text "Revision for symbol sym_1 has been updated to 1.0.0")
		(Param1 sym_1)
		(Param2 1.0.0)
	)
	(Comment
		(Time 01/26/10,21:06:24)
		(User chimike)
		(MsgId ECO_333)
		(Text "Revision for package DDR3_2GB_X16_SDRAM_FBGA96 has been updated to 1.0.0")
		(Param1 DDR3_2GB_X16_SDRAM_FBGA96)
		(Param2 1.0.0)
	)
	(Comment
		(Time 01/26/10,21:06:24)
		(User chimike)
		(MsgId ECO_331)
		(Text "Revision for cell ddr3_2gb_x16_sdram has been updated to 1.0.0")
		(Param1 ddr3_2gb_x16_sdram)
		(Param2 1.0.0)
	)
