FILE_TYPE=LIBRARY_PARTS;
primitive 'DVI';
  pin
    '5V':
      PIN_NUMBER='(14)';
      INPUT_LOAD='(-0.01,0.01)';
    '5V_GNDRTN':
      PIN_NUMBER='(15)';
      INPUT_LOAD='(-0.01,0.01)';
    'DDC_CLK':
      PIN_NUMBER='(6)';
      INPUT_LOAD='(-0.01,0.01)';
    'DDC_DATA':
      PIN_NUMBER='(7)';
      INPUT_LOAD='(-0.01,0.01)';
    'A_VSYNC':
      PIN_NUMBER='(8)';
      INPUT_LOAD='(-0.01,0.01)';
    'A_RED':
      PIN_NUMBER='(C1)';
      INPUT_LOAD='(-0.01,0.01)';
    'A_GRN':
      PIN_NUMBER='(C2)';
      INPUT_LOAD='(-0.01,0.01)';
    'A_BLUE':
      PIN_NUMBER='(C3)';
      INPUT_LOAD='(-0.01,0.01)';
    'A_HSYNC':
      PIN_NUMBER='(C4)';
      INPUT_LOAD='(-0.01,0.01)';
    'A_GND_RTN':
      PIN_NUMBER='(C5)';
      INPUT_LOAD='(-0.01,0.01)';
    'TDMS_CLKP':
      PIN_NUMBER='(23)';
      INPUT_LOAD='(-0.01,0.01)';
    'TDMS_CLKN':
      PIN_NUMBER='(24)';
      INPUT_LOAD='(-0.01,0.01)';
    'TDMS_CLK_SHLD':
      PIN_NUMBER='(22)';
      INPUT_LOAD='(-0.01,0.01)';
    'SHLD_1_3':
      PIN_NUMBER='(11)';
      INPUT_LOAD='(-0.01,0.01)';
    'SHLD_2_4':
      PIN_NUMBER='(3)';
      INPUT_LOAD='(-0.01,0.01)';
    'SHLD_0_5':
      PIN_NUMBER='(19)';
      INPUT_LOAD='(-0.01,0.01)';
    'TDMS_DATA_DP'<0>:
      PIN_NUMBER='(18)';
      INPUT_LOAD='(-0.01,0.01)';
    'TDMS_DATA_DN'<0>:
      PIN_NUMBER='(17)';
      INPUT_LOAD='(-0.01,0.01)';
    'TDMS_DATA_DP'<1>:
      PIN_NUMBER='(10)';
      INPUT_LOAD='(-0.01,0.01)';
    'TDMS_DATA_DN'<1>:
      PIN_NUMBER='(9)';
      INPUT_LOAD='(-0.01,0.01)';
    'TDMS_DATA_DP'<2>:
      PIN_NUMBER='(2)';
      INPUT_LOAD='(-0.01,0.01)';
    'TDMS_DATA_DN'<2>:
      PIN_NUMBER='(1)';
      INPUT_LOAD='(-0.01,0.01)';
    'TDMS_DATA_DP'<3>:
      PIN_NUMBER='(13)';
      INPUT_LOAD='(-0.01,0.01)';
    'TDMS_DATA_DN'<3>:
      PIN_NUMBER='(12)';
      INPUT_LOAD='(-0.01,0.01)';
    'TDMS_DATA_DP'<4>:
      PIN_NUMBER='(5)';
      INPUT_LOAD='(-0.01,0.01)';
    'TDMS_DATA_DN'<4>:
      PIN_NUMBER='(4)';
      INPUT_LOAD='(-0.01,0.01)';
    'TDMS_DATA_DP'<5>:
      PIN_NUMBER='(21)';
      INPUT_LOAD='(-0.01,0.01)';
    'TDMS_DATA_DN'<5>:
      PIN_NUMBER='(20)';
      INPUT_LOAD='(-0.01,0.01)';
  end_pin;
  body
    BODY_NAME='DVI';
    PART_NAME='DVI';
    PHYS_DES_PREFIX='J';
    CLASS='IC';
    NC_PINS='(16)';
  end_body;
end_primitive;

END.
