	(Comment
		(Time 11/04/08,10:51:26)
		(User winsor)
		(MsgId ECO_332)
		(Text "Revision for symbol sym_2 has been updated to 1.0.0")
		(Param1 sym_2)
		(Param2 1.0.0)
	)
	(Comment
		(Time 11/04/08,10:51:26)
		(User winsor)
		(MsgId ECO_332)
		(Text "Revision for symbol sym_1 has been updated to 1.0.0")
		(Param1 sym_1)
		(Param2 1.0.0)
	)
	(Comment
		(Time 11/04/08,10:51:26)
		(User winsor)
		(MsgId ECO_333)
		(Text "Revision for package CAP has been updated to 1.0.0")
		(Param1 CAP)
		(Param2 1.0.0)
	)
	(Comment
		(Time 11/04/08,10:51:26)
		(User winsor)
		(MsgId ECO_331)
		(Text "Revision for cell cap has been updated to 1.0.0")
		(Param1 cap)
		(Param2 1.0.0)
	)
	(Comment
		(Time 12/11/12,09:46:10)
		(User chimike)
		(MsgId ECO_030)
		(Text "Alias CAP_2220 added to package CAP")
		(Param1 "CAP_2220")
		(Param2 "CAP")
	)
	(Comment
		(Time 12/11/12,09:46:10)
		(User chimike)
		(MsgId ECO_030)
		(Text "Alias CAP_3225 added to package CAP")
		(Param1 "CAP_3225")
		(Param2 "CAP")
	)
	(Comment
		(Time 12/11/12,09:46:11)
		(User chimike)
		(MsgId ECO_333)
		(Text "Revision for package CAP has been updated to 1.1.0")
		(Param1 "CAP")
		(Param2 "1.1.0")
	)
	(Comment
		(Time 12/11/12,09:46:11)
		(User chimike)
		(MsgId ECO_331)
		(Text "Revision for cell cap has been updated to 1.1.0")
		(Param1 "cap")
		(Param2 "1.1.0")
	)

	(Comment
		(Time 12/11/12,09:46:43)
		(User chimike)
		(MsgId USR)
		(Text "Added 2 Pack Types 2220, 3225")
	)
