	(Comment
		(Time 12/07/12,06:58:50)
		(User chimike)
		(MsgId ECO_332)
		(Text "Revision for symbol sym_1 has been updated to 1.0.0")
		(Param1 "sym_1")
		(Param2 "1.0.0")
	)
	(Comment
		(Time 12/07/12,06:58:50)
		(User chimike)
		(MsgId ECO_333)
		(Text "Revision for package LMZ14203 has been updated to 1.0.0")
		(Param1 "LMZ14203")
		(Param2 "1.0.0")
	)
	(Comment
		(Time 12/07/12,06:58:50)
		(User chimike)
		(MsgId ECO_331)
		(Text "Revision for cell lmz14203 has been updated to 1.0.0")
		(Param1 "lmz14203")
		(Param2 "1.0.0")
	)
	(Comment
		(Time 12/07/12,07:00:30)
		(User chimike)
		(MsgId ECO_110)
		(Text "Text lmz14203 at location (0,-200) deleted from symbol sym_1")
		(Param1 "lmz14203")
		(Param2 "(0,-200)")
		(Param3 "sym_1")
	)
	(Comment
		(Time 12/07/12,07:00:30)
		(User chimike)
		(MsgId ECO_109)
		(Text "Text LMZ14203 at location (0,-200) added to symbol sym_1")
		(Param1 "LMZ14203")
		(Param2 "(0,-200)")
		(Param3 "sym_1")
	)
	(Comment
		(Time 12/07/12,07:00:30)
		(User chimike)
		(MsgId ECO_084)
		(Text "Property $PART_NAME added to symbol sym_1")
		(Param1 "$PART_NAME")
		(Param2 "sym_1")
	)
	(Comment
		(Time 12/07/12,07:00:30)
		(User chimike)
		(MsgId ECO_094)
		(Text "Graphics in symbol  modified")
		(Param1 "")
	)
	(Comment
		(Time 12/07/12,07:00:30)
		(User chimike)
		(MsgId ECO_332)
		(Text "Revision for symbol sym_1 has been updated to 1.1.0")
		(Param1 "sym_1")
		(Param2 "1.1.0")
	)
	(Comment
		(Time 12/07/12,07:00:30)
		(User chimike)
		(MsgId ECO_331)
		(Text "Revision for cell lmz14203 has been updated to 1.1.0")
		(Param1 "lmz14203")
		(Param2 "1.1.0")
	)
	(Comment
		(Time 12/21/12,10:11:56)
		(User wtadlock)
		(MsgId ECO_040.1)
		(Text "Logical pin GND in slot S1 of package LMZ14203 moved from Global section to Logical section")
		(Param1 "GND")
		(Param2 "S1")
		(Param3 "LMZ14203")
		(Param4 "Global")
		(Param5 "Logical")
	)
	(Comment
		(Time 12/21/12,10:11:56)
		(User wtadlock)
		(MsgId ECO_027.1)
		(Text "Property NO_LOAD_CHECK with value Both added to pin GND in slot S1 of package LMZ14203")
		(Param1 "NO_LOAD_CHECK")
		(Param2 "Both")
		(Param3 "GND")
		(Param4 "S1")
		(Param5 "LMZ14203")
	)
	(Comment
		(Time 12/21/12,10:11:56)
		(User wtadlock)
		(MsgId ECO_027.1)
		(Text "Property NO_IO_CHECK with value Both added to pin GND in slot S1 of package LMZ14203")
		(Param1 "NO_IO_CHECK")
		(Param2 "Both")
		(Param3 "GND")
		(Param4 "S1")
		(Param5 "LMZ14203")
	)
	(Comment
		(Time 12/21/12,10:11:56)
		(User wtadlock)
		(MsgId ECO_027.1)
		(Text "Property NO_ASSERT_CHECK with value TRUE added to pin GND in slot S1 of package LMZ14203")
		(Param1 "NO_ASSERT_CHECK")
		(Param2 "TRUE")
		(Param3 "GND")
		(Param4 "S1")
		(Param5 "LMZ14203")
	)
	(Comment
		(Time 12/21/12,10:11:56)
		(User wtadlock)
		(MsgId ECO_027.1)
		(Text "Property NO_DIR_CHECK with value TRUE added to pin GND in slot S1 of package LMZ14203")
		(Param1 "NO_DIR_CHECK")
		(Param2 "TRUE")
		(Param3 "GND")
		(Param4 "S1")
		(Param5 "LMZ14203")
	)
	(Comment
		(Time 12/21/12,10:11:56)
		(User wtadlock)
		(MsgId ECO_027.1)
		(Text "Property ALLOW_CONNECT with value TRUE added to pin GND in slot S1 of package LMZ14203")
		(Param1 "ALLOW_CONNECT")
		(Param2 "TRUE")
		(Param3 "GND")
		(Param4 "S1")
		(Param5 "LMZ14203")
	)
	(Comment
		(Time 12/21/12,10:11:56)
		(User wtadlock)
		(MsgId ECO_040.1)
		(Text "Logical pin EP in slot S1 of package LMZ14203 moved from Global section to Logical section")
		(Param1 "EP")
		(Param2 "S1")
		(Param3 "LMZ14203")
		(Param4 "Global")
		(Param5 "Logical")
	)
	(Comment
		(Time 12/21/12,10:11:56)
		(User wtadlock)
		(MsgId ECO_027.1)
		(Text "Property NO_LOAD_CHECK with value Both added to pin EP in slot S1 of package LMZ14203")
		(Param1 "NO_LOAD_CHECK")
		(Param2 "Both")
		(Param3 "EP")
		(Param4 "S1")
		(Param5 "LMZ14203")
	)
	(Comment
		(Time 12/21/12,10:11:56)
		(User wtadlock)
		(MsgId ECO_027.1)
		(Text "Property NO_IO_CHECK with value Both added to pin EP in slot S1 of package LMZ14203")
		(Param1 "NO_IO_CHECK")
		(Param2 "Both")
		(Param3 "EP")
		(Param4 "S1")
		(Param5 "LMZ14203")
	)
	(Comment
		(Time 12/21/12,10:11:56)
		(User wtadlock)
		(MsgId ECO_027.1)
		(Text "Property NO_ASSERT_CHECK with value TRUE added to pin EP in slot S1 of package LMZ14203")
		(Param1 "NO_ASSERT_CHECK")
		(Param2 "TRUE")
		(Param3 "EP")
		(Param4 "S1")
		(Param5 "LMZ14203")
	)
	(Comment
		(Time 12/21/12,10:11:56)
		(User wtadlock)
		(MsgId ECO_027.1)
		(Text "Property NO_DIR_CHECK with value TRUE added to pin EP in slot S1 of package LMZ14203")
		(Param1 "NO_DIR_CHECK")
		(Param2 "TRUE")
		(Param3 "EP")
		(Param4 "S1")
		(Param5 "LMZ14203")
	)
	(Comment
		(Time 12/21/12,10:11:56)
		(User wtadlock)
		(MsgId ECO_027.1)
		(Text "Property ALLOW_CONNECT with value TRUE added to pin EP in slot S1 of package LMZ14203")
		(Param1 "ALLOW_CONNECT")
		(Param2 "TRUE")
		(Param3 "EP")
		(Param4 "S1")
		(Param5 "LMZ14203")
	)
	(Comment
		(Time 12/21/12,10:11:56)
		(User wtadlock)
		(MsgId ECO_125)
		(Text "Pin position has been modified from -2 to -4 for pin SS in symbol sym_1")
		(Param1 "-2")
		(Param2 "-4")
		(Param3 "SS")
		(Param4 "sym_1")
	)
	(Comment
		(Time 12/21/12,10:11:56)
		(User wtadlock)
		(MsgId ECO_124)
		(Text "Pin location has been modified from Left to Right for pin SS in symbol sym_1")
		(Param1 "Left")
		(Param2 "Right")
		(Param3 "SS")
		(Param4 "sym_1")
	)
	(Comment
		(Time 12/21/12,10:11:56)
		(User wtadlock)
		(MsgId ECO_125)
		(Text "Pin position has been modified from 0 to -4 for pin EN in symbol sym_1")
		(Param1 "0")
		(Param2 "-4")
		(Param3 "EN")
		(Param4 "sym_1")
	)
	(Comment
		(Time 12/21/12,10:11:56)
		(User wtadlock)
		(MsgId ECO_125)
		(Text "Pin position has been modified from -4 to 0 for pin FB in symbol sym_1")
		(Param1 "-4")
		(Param2 "0")
		(Param3 "FB")
		(Param4 "sym_1")
	)
	(Comment
		(Time 12/21/12,10:11:56)
		(User wtadlock)
		(MsgId ECO_124)
		(Text "Pin location has been modified from Left to Right for pin FB in symbol sym_1")
		(Param1 "Left")
		(Param2 "Right")
		(Param3 "FB")
		(Param4 "sym_1")
	)
	(Comment
		(Time 12/21/12,10:11:56)
		(User wtadlock)
		(MsgId ECO_125)
		(Text "Pin position has been modified from 2 to 0 for pin RON in symbol sym_1")
		(Param1 "2")
		(Param2 "0")
		(Param3 "RON")
		(Param4 "sym_1")
	)
	(Comment
		(Time 12/21/12,10:11:56)
		(User wtadlock)
		(MsgId ECO_090.2)
		(Text "Pin GND with location Bottom, position 0, shape Line and Type GROUND added to symbol sym_1")
		(Param1 "GND")
		(Param2 "Bottom")
		(Param3 "0")
		(Param4 "GROUND")
		(Param5 "Line")
		(Param6 "sym_1")
	)
	(Comment
		(Time 12/21/12,10:11:56)
		(User wtadlock)
		(MsgId ECO_090.2)
		(Text "Pin EP with location Bottom, position -4, shape Line and Type GROUND added to symbol sym_1")
		(Param1 "EP")
		(Param2 "Bottom")
		(Param3 "-4")
		(Param4 "GROUND")
		(Param5 "Line")
		(Param6 "sym_1")
	)
	(Comment
		(Time 12/21/12,10:11:56)
		(User wtadlock)
		(MsgId ECO_094)
		(Text "Graphics in symbol  modified")
		(Param1 "")
	)
	(Comment
		(Time 12/21/12,10:11:56)
		(User wtadlock)
		(MsgId ECO_332)
		(Text "Revision for symbol sym_1 has been updated to 2.0.0")
		(Param1 "sym_1")
		(Param2 "2.0.0")
	)
	(Comment
		(Time 12/21/12,10:11:56)
		(User wtadlock)
		(MsgId ECO_333)
		(Text "Revision for package LMZ14203 has been updated to 2.0.0")
		(Param1 "LMZ14203")
		(Param2 "2.0.0")
	)
	(Comment
		(Time 12/21/12,10:11:56)
		(User wtadlock)
		(MsgId ECO_331)
		(Text "Revision for cell lmz14203 has been updated to 2.0.0")
		(Param1 "lmz14203")
		(Param2 "2.0.0")
	)
