FILE_TYPE=LIBRARY_PARTS;
primitive 'USB_30VA';
  pin
    'D_AM':
      PIN_NUMBER='(2)';
      BIDIRECTIONAL='TRUE';
      INPUT_LOAD='(-0.01,0.01)';
      OUTPUT_LOAD='(1.0,-1.0)';
    'D_AP':
      PIN_NUMBER='(3)';
      BIDIRECTIONAL='TRUE';
      INPUT_LOAD='(-0.01,0.01)';
      OUTPUT_LOAD='(1.0,-1.0)';
    'STDA_SSRX_M':
      PIN_NUMBER='(5)';
      INPUT_LOAD='(-0.01,0.01)';
    'STDA_SSRX_P':
      PIN_NUMBER='(6)';
      INPUT_LOAD='(-0.01,0.01)';
    'STDA_SSTX_M':
      PIN_NUMBER='(8)';
      OUTPUT_LOAD='(1.0,-1.0)';
    'STDA_SSTX_P':
      PIN_NUMBER='(9)';
      OUTPUT_LOAD='(1.0,-1.0)';
    'VBUS':
      PIN_NUMBER='(1)';
      PINUSE='POWER';
      NO_LOAD_CHECK='Both';
      NO_IO_CHECK='Both';
      NO_ASSERT_CHECK='TRUE';
      NO_DIR_CHECK='TRUE';
      ALLOW_CONNECT='TRUE';
    'GND':
      PIN_NUMBER='(4)';
      INPUT_LOAD='(-0.01,0.01)';
    'GND_DRN':
      PIN_NUMBER='(7)';
      INPUT_LOAD='(-0.01,0.01)';
    'SHLD1':
      PIN_NUMBER='(10)';
      INPUT_LOAD='(-0.01,0.01)';
    'SHLD2':
      PIN_NUMBER='(11)';
      INPUT_LOAD='(-0.01,0.01)';
  end_pin;
  body
    PART_NAME='USB_30VA';
    BODY_NAME='USB_30';
    PHYS_DES_PREFIX='J';
    CLASS='IO';
  end_body;
end_primitive;

END.
