FILE_TYPE=LIBRARY_PARTS;
primitive 'CUSTOM_PCIE8';
  pin
    'SMCLK':
      PIN_NUMBER='(B5,0,0,0,0,0,0,0,0,0,0,0)';
      BIDIRECTIONAL='TRUE';
      INPUT_LOAD='(-0.01,0.01)';
      OUTPUT_LOAD='(1.0,-1.0)';
    'WAKE':
      PIN_NUMBER='(B11,0,0,0,0,0,0,0,0,0,0,0)';
      OUTPUT_LOAD='(1.0,-1.0)';
    'PERST':
      PIN_NUMBER='(A11,0,0,0,0,0,0,0,0,0,0,0)';
      OUTPUT_LOAD='(1.0,-1.0)';
    'PRSNT2':
      PIN_NUMBER='(B48,0,0,0,0,0,0,0,0,0,0,0)';
      OUTPUT_LOAD='(1.0,-1.0)';
    'SMDAT':
      PIN_NUMBER='(B6,0,0,0,0,0,0,0,0,0,0,0)';
      BIDIRECTIONAL='TRUE';
      INPUT_LOAD='(-0.01,0.01)';
      OUTPUT_LOAD='(1.0,-1.0)';
    'PRSNT1':
      PIN_NUMBER='(A1,0,0,0,0,0,0,0,0,0,0,0)';
      OUTPUT_LOAD='(1.0,-1.0)';
    'GND_B25':
      PIN_NUMBER='(0,B25,0,0,0,0,0,0,0,0,0,0)';
      PINUSE='POWER';
      NO_LOAD_CHECK='Both';
      NO_IO_CHECK='Both';
      NO_ASSERT_CHECK='TRUE';
      NO_DIR_CHECK='TRUE';
      ALLOW_CONNECT='TRUE';
    'GND_B49':
      PIN_NUMBER='(0,B49,0,0,0,0,0,0,0,0,0,0)';
      PINUSE='POWER';
      NO_LOAD_CHECK='Both';
      NO_IO_CHECK='Both';
      NO_ASSERT_CHECK='TRUE';
      NO_DIR_CHECK='TRUE';
      ALLOW_CONNECT='TRUE';
    'GND_A12':
      PIN_NUMBER='(0,A12,0,0,0,0,0,0,0,0,0,0)';
      PINUSE='POWER';
      NO_LOAD_CHECK='Both';
      NO_IO_CHECK='Both';
      NO_ASSERT_CHECK='TRUE';
      NO_DIR_CHECK='TRUE';
      ALLOW_CONNECT='TRUE';
    'GND_A41':
      PIN_NUMBER='(0,A41,0,0,0,0,0,0,0,0,0,0)';
      PINUSE='POWER';
      NO_LOAD_CHECK='Both';
      NO_IO_CHECK='Both';
      NO_ASSERT_CHECK='TRUE';
      NO_DIR_CHECK='TRUE';
      ALLOW_CONNECT='TRUE';
    'GND_A37':
      PIN_NUMBER='(0,A37,0,0,0,0,0,0,0,0,0,0)';
      PINUSE='POWER';
      NO_LOAD_CHECK='Both';
      NO_IO_CHECK='Both';
      NO_ASSERT_CHECK='TRUE';
      NO_DIR_CHECK='TRUE';
      ALLOW_CONNECT='TRUE';
    'GND_B21':
      PIN_NUMBER='(0,B21,0,0,0,0,0,0,0,0,0,0)';
      PINUSE='POWER';
      NO_LOAD_CHECK='Both';
      NO_IO_CHECK='Both';
      NO_ASSERT_CHECK='TRUE';
      NO_DIR_CHECK='TRUE';
      ALLOW_CONNECT='TRUE';
    'GND_A31':
      PIN_NUMBER='(0,A31,0,0,0,0,0,0,0,0,0,0)';
      PINUSE='POWER';
      NO_LOAD_CHECK='Both';
      NO_IO_CHECK='Both';
      NO_ASSERT_CHECK='TRUE';
      NO_DIR_CHECK='TRUE';
      ALLOW_CONNECT='TRUE';
    'GND_A45':
      PIN_NUMBER='(0,A45,0,0,0,0,0,0,0,0,0,0)';
      PINUSE='POWER';
      NO_LOAD_CHECK='Both';
      NO_IO_CHECK='Both';
      NO_ASSERT_CHECK='TRUE';
      NO_DIR_CHECK='TRUE';
      ALLOW_CONNECT='TRUE';
    'GND_B43':
      PIN_NUMBER='(0,B43,0,0,0,0,0,0,0,0,0,0)';
      PINUSE='POWER';
      NO_LOAD_CHECK='Both';
      NO_IO_CHECK='Both';
      NO_ASSERT_CHECK='TRUE';
      NO_DIR_CHECK='TRUE';
      ALLOW_CONNECT='TRUE';
    'GND_B36':
      PIN_NUMBER='(0,B36,0,0,0,0,0,0,0,0,0,0)';
      PINUSE='POWER';
      NO_LOAD_CHECK='Both';
      NO_IO_CHECK='Both';
      NO_ASSERT_CHECK='TRUE';
      NO_DIR_CHECK='TRUE';
      ALLOW_CONNECT='TRUE';
    'GND_A49':
      PIN_NUMBER='(0,A49,0,0,0,0,0,0,0,0,0,0)';
      PINUSE='POWER';
      NO_LOAD_CHECK='Both';
      NO_IO_CHECK='Both';
      NO_ASSERT_CHECK='TRUE';
      NO_DIR_CHECK='TRUE';
      ALLOW_CONNECT='TRUE';
    'GND_A20':
      PIN_NUMBER='(0,A20,0,0,0,0,0,0,0,0,0,0)';
      PINUSE='POWER';
      NO_LOAD_CHECK='Both';
      NO_IO_CHECK='Both';
      NO_ASSERT_CHECK='TRUE';
      NO_DIR_CHECK='TRUE';
      ALLOW_CONNECT='TRUE';
    'GND_B32':
      PIN_NUMBER='(0,B32,0,0,0,0,0,0,0,0,0,0)';
      PINUSE='POWER';
      NO_LOAD_CHECK='Both';
      NO_IO_CHECK='Both';
      NO_ASSERT_CHECK='TRUE';
      NO_DIR_CHECK='TRUE';
      ALLOW_CONNECT='TRUE';
    'GND_B4':
      PIN_NUMBER='(0,B4,0,0,0,0,0,0,0,0,0,0)';
      PINUSE='POWER';
      NO_LOAD_CHECK='Both';
      NO_IO_CHECK='Both';
      NO_ASSERT_CHECK='TRUE';
      NO_DIR_CHECK='TRUE';
      ALLOW_CONNECT='TRUE';
    'GND_B16':
      PIN_NUMBER='(0,B16,0,0,0,0,0,0,0,0,0,0)';
      PINUSE='POWER';
      NO_LOAD_CHECK='Both';
      NO_IO_CHECK='Both';
      NO_ASSERT_CHECK='TRUE';
      NO_DIR_CHECK='TRUE';
      ALLOW_CONNECT='TRUE';
    'GND_A27':
      PIN_NUMBER='(0,A27,0,0,0,0,0,0,0,0,0,0)';
      PINUSE='POWER';
      NO_LOAD_CHECK='Both';
      NO_IO_CHECK='Both';
      NO_ASSERT_CHECK='TRUE';
      NO_DIR_CHECK='TRUE';
      ALLOW_CONNECT='TRUE';
    'GND_A15':
      PIN_NUMBER='(0,A15,0,0,0,0,0,0,0,0,0,0)';
      PINUSE='POWER';
      NO_LOAD_CHECK='Both';
      NO_IO_CHECK='Both';
      NO_ASSERT_CHECK='TRUE';
      NO_DIR_CHECK='TRUE';
      ALLOW_CONNECT='TRUE';
    'GND_B26':
      PIN_NUMBER='(0,B26,0,0,0,0,0,0,0,0,0,0)';
      PINUSE='POWER';
      NO_LOAD_CHECK='Both';
      NO_IO_CHECK='Both';
      NO_ASSERT_CHECK='TRUE';
      NO_DIR_CHECK='TRUE';
      ALLOW_CONNECT='TRUE';
    'GND_B47':
      PIN_NUMBER='(0,B47,0,0,0,0,0,0,0,0,0,0)';
      PINUSE='POWER';
      NO_LOAD_CHECK='Both';
      NO_IO_CHECK='Both';
      NO_ASSERT_CHECK='TRUE';
      NO_DIR_CHECK='TRUE';
      ALLOW_CONNECT='TRUE';
    'GND_B7':
      PIN_NUMBER='(0,B7,0,0,0,0,0,0,0,0,0,0)';
      PINUSE='POWER';
      NO_LOAD_CHECK='Both';
      NO_IO_CHECK='Both';
      NO_ASSERT_CHECK='TRUE';
      NO_DIR_CHECK='TRUE';
      ALLOW_CONNECT='TRUE';
    'GND_A23':
      PIN_NUMBER='(0,A23,0,0,0,0,0,0,0,0,0,0)';
      PINUSE='POWER';
      NO_LOAD_CHECK='Both';
      NO_IO_CHECK='Both';
      NO_ASSERT_CHECK='TRUE';
      NO_DIR_CHECK='TRUE';
      ALLOW_CONNECT='TRUE';
    'GND_B22':
      PIN_NUMBER='(0,B22,0,0,0,0,0,0,0,0,0,0)';
      PINUSE='POWER';
      NO_LOAD_CHECK='Both';
      NO_IO_CHECK='Both';
      NO_ASSERT_CHECK='TRUE';
      NO_DIR_CHECK='TRUE';
      ALLOW_CONNECT='TRUE';
    'GND_A34':
      PIN_NUMBER='(0,A34,0,0,0,0,0,0,0,0,0,0)';
      PINUSE='POWER';
      NO_LOAD_CHECK='Both';
      NO_IO_CHECK='Both';
      NO_ASSERT_CHECK='TRUE';
      NO_DIR_CHECK='TRUE';
      ALLOW_CONNECT='TRUE';
    'GND_A4':
      PIN_NUMBER='(0,A4,0,0,0,0,0,0,0,0,0,0)';
      PINUSE='POWER';
      NO_LOAD_CHECK='Both';
      NO_IO_CHECK='Both';
      NO_ASSERT_CHECK='TRUE';
      NO_DIR_CHECK='TRUE';
      ALLOW_CONNECT='TRUE';
    'GND_A42':
      PIN_NUMBER='(0,A42,0,0,0,0,0,0,0,0,0,0)';
      PINUSE='POWER';
      NO_LOAD_CHECK='Both';
      NO_IO_CHECK='Both';
      NO_ASSERT_CHECK='TRUE';
      NO_DIR_CHECK='TRUE';
      ALLOW_CONNECT='TRUE';
    'GND_A38':
      PIN_NUMBER='(0,A38,0,0,0,0,0,0,0,0,0,0)';
      PINUSE='POWER';
      NO_LOAD_CHECK='Both';
      NO_IO_CHECK='Both';
      NO_ASSERT_CHECK='TRUE';
      NO_DIR_CHECK='TRUE';
      ALLOW_CONNECT='TRUE';
    'GND_B35':
      PIN_NUMBER='(0,B35,0,0,0,0,0,0,0,0,0,0)';
      PINUSE='POWER';
      NO_LOAD_CHECK='Both';
      NO_IO_CHECK='Both';
      NO_ASSERT_CHECK='TRUE';
      NO_DIR_CHECK='TRUE';
      ALLOW_CONNECT='TRUE';
    'GND_A46':
      PIN_NUMBER='(0,A46,0,0,0,0,0,0,0,0,0,0)';
      PINUSE='POWER';
      NO_LOAD_CHECK='Both';
      NO_IO_CHECK='Both';
      NO_ASSERT_CHECK='TRUE';
      NO_DIR_CHECK='TRUE';
      ALLOW_CONNECT='TRUE';
    'GND_B18':
      PIN_NUMBER='(0,B18,0,0,0,0,0,0,0,0,0,0)';
      PINUSE='POWER';
      NO_LOAD_CHECK='Both';
      NO_IO_CHECK='Both';
      NO_ASSERT_CHECK='TRUE';
      NO_DIR_CHECK='TRUE';
      ALLOW_CONNECT='TRUE';
    'GND_A28':
      PIN_NUMBER='(0,A28,0,0,0,0,0,0,0,0,0,0)';
      PINUSE='POWER';
      NO_LOAD_CHECK='Both';
      NO_IO_CHECK='Both';
      NO_ASSERT_CHECK='TRUE';
      NO_DIR_CHECK='TRUE';
      ALLOW_CONNECT='TRUE';
    'GND_B39':
      PIN_NUMBER='(0,B39,0,0,0,0,0,0,0,0,0,0)';
      PINUSE='POWER';
      NO_LOAD_CHECK='Both';
      NO_IO_CHECK='Both';
      NO_ASSERT_CHECK='TRUE';
      NO_DIR_CHECK='TRUE';
      ALLOW_CONNECT='TRUE';
    'GND_B13':
      PIN_NUMBER='(0,B13,0,0,0,0,0,0,0,0,0,0)';
      PINUSE='POWER';
      NO_LOAD_CHECK='Both';
      NO_IO_CHECK='Both';
      NO_ASSERT_CHECK='TRUE';
      NO_DIR_CHECK='TRUE';
      ALLOW_CONNECT='TRUE';
    'GND_B40':
      PIN_NUMBER='(0,B40,0,0,0,0,0,0,0,0,0,0)';
      PINUSE='POWER';
      NO_LOAD_CHECK='Both';
      NO_IO_CHECK='Both';
      NO_ASSERT_CHECK='TRUE';
      NO_DIR_CHECK='TRUE';
      ALLOW_CONNECT='TRUE';
    'GND_A18':
      PIN_NUMBER='(0,A18,0,0,0,0,0,0,0,0,0,0)';
      PINUSE='POWER';
      NO_LOAD_CHECK='Both';
      NO_IO_CHECK='Both';
      NO_ASSERT_CHECK='TRUE';
      NO_DIR_CHECK='TRUE';
      ALLOW_CONNECT='TRUE';
    'GND_B29':
      PIN_NUMBER='(0,B29,0,0,0,0,0,0,0,0,0,0)';
      PINUSE='POWER';
      NO_LOAD_CHECK='Both';
      NO_IO_CHECK='Both';
      NO_ASSERT_CHECK='TRUE';
      NO_DIR_CHECK='TRUE';
      ALLOW_CONNECT='TRUE';
    'GND_B44':
      PIN_NUMBER='(0,B44,0,0,0,0,0,0,0,0,0,0)';
      PINUSE='POWER';
      NO_LOAD_CHECK='Both';
      NO_IO_CHECK='Both';
      NO_ASSERT_CHECK='TRUE';
      NO_DIR_CHECK='TRUE';
      ALLOW_CONNECT='TRUE';
    'GND_A24':
      PIN_NUMBER='(0,A24,0,0,0,0,0,0,0,0,0,0)';
      PINUSE='POWER';
      NO_LOAD_CHECK='Both';
      NO_IO_CHECK='Both';
      NO_ASSERT_CHECK='TRUE';
      NO_DIR_CHECK='TRUE';
      ALLOW_CONNECT='TRUE';
    'HSIP0':
      PIN_NUMBER='(0,0,A16,0,0,0,0,0,0,0,0,0)';
      INPUT_LOAD='(-0.01,0.01)';
    'HSOP0':
      PIN_NUMBER='(0,0,B14,0,0,0,0,0,0,0,0,0)';
      OUTPUT_LOAD='(1.0,-1.0)';
    'HSIN0':
      PIN_NUMBER='(0,0,A17,0,0,0,0,0,0,0,0,0)';
      INPUT_LOAD='(-0.01,0.01)';
    'HSON0':
      PIN_NUMBER='(0,0,B15,0,0,0,0,0,0,0,0,0)';
      OUTPUT_LOAD='(1.0,-1.0)';
    'HSIP1':
      PIN_NUMBER='(0,0,0,A21,0,0,0,0,0,0,0,0)';
      INPUT_LOAD='(-0.01,0.01)';
    'HSOP1':
      PIN_NUMBER='(0,0,0,B19,0,0,0,0,0,0,0,0)';
      OUTPUT_LOAD='(1.0,-1.0)';
    'HSIN1':
      PIN_NUMBER='(0,0,0,A22,0,0,0,0,0,0,0,0)';
      INPUT_LOAD='(-0.01,0.01)';
    'HSON1':
      PIN_NUMBER='(0,0,0,B20,0,0,0,0,0,0,0,0)';
      OUTPUT_LOAD='(1.0,-1.0)';
    'HSOP2':
      PIN_NUMBER='(0,0,0,0,B23,0,0,0,0,0,0,0)';
      OUTPUT_LOAD='(1.0,-1.0)';
    'HSIN2':
      PIN_NUMBER='(0,0,0,0,A26,0,0,0,0,0,0,0)';
      INPUT_LOAD='(-0.01,0.01)';
    'HSON2':
      PIN_NUMBER='(0,0,0,0,B24,0,0,0,0,0,0,0)';
      OUTPUT_LOAD='(1.0,-1.0)';
    'HSIP2':
      PIN_NUMBER='(0,0,0,0,A25,0,0,0,0,0,0,0)';
      INPUT_LOAD='(-0.01,0.01)';
    'HSIP3':
      PIN_NUMBER='(0,0,0,0,0,A29,0,0,0,0,0,0)';
      INPUT_LOAD='(-0.01,0.01)';
    'HSOP3':
      PIN_NUMBER='(0,0,0,0,0,B27,0,0,0,0,0,0)';
      OUTPUT_LOAD='(1.0,-1.0)';
    'HSIN3':
      PIN_NUMBER='(0,0,0,0,0,A30,0,0,0,0,0,0)';
      INPUT_LOAD='(-0.01,0.01)';
    'HSON3':
      PIN_NUMBER='(0,0,0,0,0,B28,0,0,0,0,0,0)';
      OUTPUT_LOAD='(1.0,-1.0)';
    'HSIP4':
      PIN_NUMBER='(0,0,0,0,0,0,A35,0,0,0,0,0)';
      INPUT_LOAD='(-0.01,0.01)';
    'HSOP4':
      PIN_NUMBER='(0,0,0,0,0,0,B33,0,0,0,0,0)';
      OUTPUT_LOAD='(1.0,-1.0)';
    'HSIN4':
      PIN_NUMBER='(0,0,0,0,0,0,A36,0,0,0,0,0)';
      INPUT_LOAD='(-0.01,0.01)';
    'HSON4':
      PIN_NUMBER='(0,0,0,0,0,0,B34,0,0,0,0,0)';
      OUTPUT_LOAD='(1.0,-1.0)';
    'HSIP5':
      PIN_NUMBER='(0,0,0,0,0,0,0,A39,0,0,0,0)';
      INPUT_LOAD='(-0.01,0.01)';
    'HSOP5':
      PIN_NUMBER='(0,0,0,0,0,0,0,B37,0,0,0,0)';
      OUTPUT_LOAD='(1.0,-1.0)';
    'HSIN5':
      PIN_NUMBER='(0,0,0,0,0,0,0,A40,0,0,0,0)';
      INPUT_LOAD='(-0.01,0.01)';
    'HSON5':
      PIN_NUMBER='(0,0,0,0,0,0,0,B38,0,0,0,0)';
      OUTPUT_LOAD='(1.0,-1.0)';
    'HSOP6':
      PIN_NUMBER='(0,0,0,0,0,0,0,0,B41,0,0,0)';
      OUTPUT_LOAD='(1.0,-1.0)';
    'HSIP6':
      PIN_NUMBER='(0,0,0,0,0,0,0,0,A43,0,0,0)';
      INPUT_LOAD='(-0.01,0.01)';
    'HSON6':
      PIN_NUMBER='(0,0,0,0,0,0,0,0,B42,0,0,0)';
      OUTPUT_LOAD='(1.0,-1.0)';
    'HSIN6':
      PIN_NUMBER='(0,0,0,0,0,0,0,0,A44,0,0,0)';
      INPUT_LOAD='(-0.01,0.01)';
    'HSIN7':
      PIN_NUMBER='(0,0,0,0,0,0,0,0,0,A48,0,0)';
      INPUT_LOAD='(-0.01,0.01)';
    'HSON7':
      PIN_NUMBER='(0,0,0,0,0,0,0,0,0,B46,0,0)';
      OUTPUT_LOAD='(1.0,-1.0)';
    'HSIP7':
      PIN_NUMBER='(0,0,0,0,0,0,0,0,0,A47,0,0)';
      INPUT_LOAD='(-0.01,0.01)';
    'HSOP7':
      PIN_NUMBER='(0,0,0,0,0,0,0,0,0,B45,0,0)';
      OUTPUT_LOAD='(1.0,-1.0)';
    'TMS':
      PIN_NUMBER='(0,0,0,0,0,0,0,0,0,0,A8,0)';
      INPUT_LOAD='(-0.01,0.01)';
    'TDI':
      PIN_NUMBER='(0,0,0,0,0,0,0,0,0,0,A6,0)';
      INPUT_LOAD='(-0.01,0.01)';
    'REFCLKN':
      PIN_NUMBER='(0,0,0,0,0,0,0,0,0,0,A14,0)';
      INPUT_LOAD='(-0.01,0.01)';
    'PRSNT2X1':
      PIN_NUMBER='(0,0,0,0,0,0,0,0,0,0,B17,0)';
      OUTPUT_LOAD='(1.0,-1.0)';
    'TRST':
      PIN_NUMBER='(0,0,0,0,0,0,0,0,0,0,B9,0)';
      INPUT_LOAD='(-0.01,0.01)';
    'TCK':
      PIN_NUMBER='(0,0,0,0,0,0,0,0,0,0,A5,0)';
      INPUT_LOAD='(-0.01,0.01)';
    'TDO':
      PIN_NUMBER='(0,0,0,0,0,0,0,0,0,0,A7,0)';
      OUTPUT_LOAD='(1.0,-1.0)';
    'REFCLKP':
      PIN_NUMBER='(0,0,0,0,0,0,0,0,0,0,A13,0)';
      INPUT_LOAD='(-0.01,0.01)';
    'PRSNT2X4':
      PIN_NUMBER='(0,0,0,0,0,0,0,0,0,0,B31,0)';
      OUTPUT_LOAD='(1.0,-1.0)';
    'V3_3_B8':
      PIN_NUMBER='(0,0,0,0,0,0,0,0,0,0,0,B8)';
      PINUSE='POWER';
      NO_LOAD_CHECK='Both';
      NO_IO_CHECK='Both';
      NO_ASSERT_CHECK='TRUE';
      NO_DIR_CHECK='TRUE';
      ALLOW_CONNECT='TRUE';
    'V12_B1':
      PIN_NUMBER='(0,0,0,0,0,0,0,0,0,0,0,B1)';
      PINUSE='POWER';
      NO_LOAD_CHECK='Both';
      NO_IO_CHECK='Both';
      NO_ASSERT_CHECK='TRUE';
      NO_DIR_CHECK='TRUE';
      ALLOW_CONNECT='TRUE';
    'VUX3_3':
      PIN_NUMBER='(0,0,0,0,0,0,0,0,0,0,0,B10)';
      PINUSE='POWER';
      NO_LOAD_CHECK='Both';
      NO_IO_CHECK='Both';
      NO_ASSERT_CHECK='TRUE';
      NO_DIR_CHECK='TRUE';
      ALLOW_CONNECT='TRUE';
    'V12_A2':
      PIN_NUMBER='(0,0,0,0,0,0,0,0,0,0,0,A2)';
      PINUSE='POWER';
      NO_LOAD_CHECK='Both';
      NO_IO_CHECK='Both';
      NO_ASSERT_CHECK='TRUE';
      NO_DIR_CHECK='TRUE';
      ALLOW_CONNECT='TRUE';
    'V12_A3':
      PIN_NUMBER='(0,0,0,0,0,0,0,0,0,0,0,A3)';
      PINUSE='POWER';
      NO_LOAD_CHECK='Both';
      NO_IO_CHECK='Both';
      NO_ASSERT_CHECK='TRUE';
      NO_DIR_CHECK='TRUE';
      ALLOW_CONNECT='TRUE';
    'V12_B2':
      PIN_NUMBER='(0,0,0,0,0,0,0,0,0,0,0,B2)';
      PINUSE='POWER';
      NO_LOAD_CHECK='Both';
      NO_IO_CHECK='Both';
      NO_ASSERT_CHECK='TRUE';
      NO_DIR_CHECK='TRUE';
      ALLOW_CONNECT='TRUE';
    'V3_3_A9':
      PIN_NUMBER='(0,0,0,0,0,0,0,0,0,0,0,A9)';
      PINUSE='POWER';
      NO_LOAD_CHECK='Both';
      NO_IO_CHECK='Both';
      NO_ASSERT_CHECK='TRUE';
      NO_DIR_CHECK='TRUE';
      ALLOW_CONNECT='TRUE';
    'V3_3_A10':
      PIN_NUMBER='(0,0,0,0,0,0,0,0,0,0,0,A10)';
      PINUSE='POWER';
      NO_LOAD_CHECK='Both';
      NO_IO_CHECK='Both';
      NO_ASSERT_CHECK='TRUE';
      NO_DIR_CHECK='TRUE';
      ALLOW_CONNECT='TRUE';
  end_pin;
  body
    PART_NAME='CUSTOM_PCIE8';
    BODY_NAME='CUSTOM_PCIE8';
    JEDEC_TYPE='pcie8';
    PHYS_DES_PREFIX='J';
    CLASS='IO';
    NC_PINS='(B30,A32,B12,B3,A19,A33)';
  end_body;
end_primitive;

primitive 'CUSTOM_PCIE8_1';
  pin
  end_pin;
  body
    BODY_NAME='CUSTOM_PCIE8';
    PHYS_DES_PREFIX='U';
    CLASS='IC';
  end_body;
end_primitive;

END.
