FILE_TYPE=LIBRARY_PARTS;
primitive 'SATA_TH';
  pin
    'DP_AP':
      PIN_NUMBER='(2)';
      BIDIRECTIONAL='TRUE';
      INPUT_LOAD='(-0.01,0.01)';
      OUTPUT_LOAD='(1.0,-1.0)';
    'DP_AN':
      PIN_NUMBER='(3)';
      BIDIRECTIONAL='TRUE';
      INPUT_LOAD='(-0.01,0.01)';
      OUTPUT_LOAD='(1.0,-1.0)';
    'DP_BP':
      PIN_NUMBER='(5)';
      BIDIRECTIONAL='TRUE';
      INPUT_LOAD='(-0.01,0.01)';
      OUTPUT_LOAD='(1.0,-1.0)';
    'DP_BN':
      PIN_NUMBER='(6)';
      BIDIRECTIONAL='TRUE';
      INPUT_LOAD='(-0.01,0.01)';
      OUTPUT_LOAD='(1.0,-1.0)';
    'G1':
      PIN_NUMBER='(1)';
      INPUT_LOAD='(-0.01,0.01)';
    'G2':
      PIN_NUMBER='(4)';
      INPUT_LOAD='(-0.01,0.01)';
    'G3':
      PIN_NUMBER='(7)';
      INPUT_LOAD='(-0.01,0.01)';
  end_pin;
  body
    PART_NAME='SATA';
    BODY_NAME='SATA';
    PHYS_DES_PREFIX='J';
    CLASS='IO';
    NC_PINS='(MT1,MT2)';
  end_body;
end_primitive;

END.
