(Cell	3 merge

	(RevisionInfoBlock	

		(Baselined	1)

		(Revision	1.0.0)

		(ModificationStatus	NULL)

		(Status	Baselined)

		(ErrorStatus	0)

		(CreateInfo	

			(Time	03/06/05,16:27:07)

			(User	sureshg)

			(Path	standard.3 merge)

		)

	)

	(Views	

		(View	Symbol

			(Symbols	4

				(Symbol	sym_4

					(Symbol_Type	Normal)

					(Max_Size	0)

					(Checksum	0000000030746020)

					(RevisionInfoBlock	

						(Baselined	1)

						(Revision	1.0.0)

						(ModificationStatus	NULL)

						(Status	Baselined)

						(ErrorStatus	0)

						(CreateInfo	

							(Time	03/06/05,16:27:07)

							(User	sureshg)

							(Path	standard.3 merge)

						)

					)

				)

				(Symbol	sym_3

					(Symbol_Type	Normal)

					(Max_Size	0)

					(Checksum	00000000258861fd)

					(RevisionInfoBlock	

						(Baselined	1)

						(Revision	1.0.0)

						(ModificationStatus	NULL)

						(Status	Baselined)

						(ErrorStatus	0)

						(CreateInfo	

							(Time	03/06/05,16:27:07)

							(User	sureshg)

							(Path	standard.3 merge)

						)

					)

				)

				(Symbol	sym_2

					(Symbol_Type	Normal)

					(Max_Size	0)

					(Checksum	00000000d7e761d4)

					(RevisionInfoBlock	

						(Baselined	1)

						(Revision	1.0.0)

						(ModificationStatus	NULL)

						(Status	Baselined)

						(ErrorStatus	0)

						(CreateInfo	

							(Time	03/06/05,16:27:07)

							(User	sureshg)

							(Path	standard.3 merge)

						)

					)

				)

				(Symbol	sym_1

					(Symbol_Type	Normal)

					(Max_Size	0)

					(Checksum	00000000e9d463be)

					(RevisionInfoBlock	

						(Baselined	1)

						(Revision	1.0.0)

						(ModificationStatus	NULL)

						(Status	Baselined)

						(ErrorStatus	0)

						(CreateInfo	

							(Time	03/06/05,16:27:07)

							(User	sureshg)

							(Path	standard.3 merge)

						)

					)

				)

			)

			(Checksum	000000001bfc03bb)

		)

		(Checksum	000000001dd80404)

	)

	(VersionInfoBlock	

		(ToolName	PDV)

		(Version	15.50-d029)

		(License	PCB_librarian_expert)

	)

	(Checksum	000000001c74037a)

)


