FILE_TYPE=LIBRARY_PARTS;
primitive 'DDR3_2GB_X16_SDRAM_FBGA96';
  pin
    'A'<0>:
      PIN_NUMBER='(N3)';
      INPUT_LOAD='(-0.01,0.01)';
    'A'<1>:
      PIN_NUMBER='(P7)';
      INPUT_LOAD='(-0.01,0.01)';
    'A'<2>:
      PIN_NUMBER='(P3)';
      INPUT_LOAD='(-0.01,0.01)';
    'A'<3>:
      PIN_NUMBER='(N2)';
      INPUT_LOAD='(-0.01,0.01)';
    'A'<4>:
      PIN_NUMBER='(P8)';
      INPUT_LOAD='(-0.01,0.01)';
    'A'<5>:
      PIN_NUMBER='(P2)';
      INPUT_LOAD='(-0.01,0.01)';
    'A'<6>:
      PIN_NUMBER='(R8)';
      INPUT_LOAD='(-0.01,0.01)';
    'A'<7>:
      PIN_NUMBER='(R2)';
      INPUT_LOAD='(-0.01,0.01)';
    'A'<8>:
      PIN_NUMBER='(T8)';
      INPUT_LOAD='(-0.01,0.01)';
    'A'<9>:
      PIN_NUMBER='(R3)';
      INPUT_LOAD='(-0.01,0.01)';
    'A'<10>:
      PIN_NUMBER='(L7)';
      INPUT_LOAD='(-0.01,0.01)';
    'A'<11>:
      PIN_NUMBER='(R7)';
      INPUT_LOAD='(-0.01,0.01)';
    'A'<12>:
      PIN_NUMBER='(N7)';
      INPUT_LOAD='(-0.01,0.01)';
    'A'<13>:
      PIN_NUMBER='(T3)';
      INPUT_LOAD='(-0.01,0.01)';
    'BA'<0>:
      PIN_NUMBER='(M2)';
      INPUT_LOAD='(-0.01,0.01)';
    'BA'<1>:
      PIN_NUMBER='(N8)';
      INPUT_LOAD='(-0.01,0.01)';
    'BA'<2>:
      PIN_NUMBER='(M3)';
      INPUT_LOAD='(-0.01,0.01)';
    '-CAS':
      PIN_NUMBER='(K3)';
      INPUT_LOAD='(-0.01,0.01)';
    'CK':
      PIN_NUMBER='(J7)';
      INPUT_LOAD='(-0.01,0.01)';
    '-CK':
      PIN_NUMBER='(K7)';
      INPUT_LOAD='(-0.01,0.01)';
    'CKE':
      PIN_NUMBER='(K9)';
      INPUT_LOAD='(-0.01,0.01)';
    '-CS':
      PIN_NUMBER='(L2)';
      INPUT_LOAD='(-0.01,0.01)';
    'DQ'<0>:
      PIN_NUMBER='(E3)';
      BIDIRECTIONAL='TRUE';
      INPUT_LOAD='(-0.01,0.01)';
      OUTPUT_LOAD='(1.0,-1.0)';
    'DQ'<1>:
      PIN_NUMBER='(F7)';
      BIDIRECTIONAL='TRUE';
      INPUT_LOAD='(-0.01,0.01)';
      OUTPUT_LOAD='(1.0,-1.0)';
    'DQ'<2>:
      PIN_NUMBER='(F2)';
      BIDIRECTIONAL='TRUE';
      INPUT_LOAD='(-0.01,0.01)';
      OUTPUT_LOAD='(1.0,-1.0)';
    'DQ'<3>:
      PIN_NUMBER='(F8)';
      BIDIRECTIONAL='TRUE';
      INPUT_LOAD='(-0.01,0.01)';
      OUTPUT_LOAD='(1.0,-1.0)';
    'DQ'<4>:
      PIN_NUMBER='(H3)';
      BIDIRECTIONAL='TRUE';
      INPUT_LOAD='(-0.01,0.01)';
      OUTPUT_LOAD='(1.0,-1.0)';
    'DQ'<5>:
      PIN_NUMBER='(H8)';
      BIDIRECTIONAL='TRUE';
      INPUT_LOAD='(-0.01,0.01)';
      OUTPUT_LOAD='(1.0,-1.0)';
    'DQ'<6>:
      PIN_NUMBER='(G2)';
      BIDIRECTIONAL='TRUE';
      INPUT_LOAD='(-0.01,0.01)';
      OUTPUT_LOAD='(1.0,-1.0)';
    'DQ'<7>:
      PIN_NUMBER='(H7)';
      BIDIRECTIONAL='TRUE';
      INPUT_LOAD='(-0.01,0.01)';
      OUTPUT_LOAD='(1.0,-1.0)';
    'DQ'<8>:
      PIN_NUMBER='(D7)';
      BIDIRECTIONAL='TRUE';
      INPUT_LOAD='(-0.01,0.01)';
      OUTPUT_LOAD='(1.0,-1.0)';
    'DQ'<9>:
      PIN_NUMBER='(C3)';
      BIDIRECTIONAL='TRUE';
      INPUT_LOAD='(-0.01,0.01)';
      OUTPUT_LOAD='(1.0,-1.0)';
    'DQ'<10>:
      PIN_NUMBER='(C8)';
      BIDIRECTIONAL='TRUE';
      INPUT_LOAD='(-0.01,0.01)';
      OUTPUT_LOAD='(1.0,-1.0)';
    'DQ'<11>:
      PIN_NUMBER='(C2)';
      BIDIRECTIONAL='TRUE';
      INPUT_LOAD='(-0.01,0.01)';
      OUTPUT_LOAD='(1.0,-1.0)';
    'DQ'<12>:
      PIN_NUMBER='(A7)';
      BIDIRECTIONAL='TRUE';
      INPUT_LOAD='(-0.01,0.01)';
      OUTPUT_LOAD='(1.0,-1.0)';
    'DQ'<13>:
      PIN_NUMBER='(A2)';
      BIDIRECTIONAL='TRUE';
      INPUT_LOAD='(-0.01,0.01)';
      OUTPUT_LOAD='(1.0,-1.0)';
    'DQ'<14>:
      PIN_NUMBER='(B8)';
      BIDIRECTIONAL='TRUE';
      INPUT_LOAD='(-0.01,0.01)';
      OUTPUT_LOAD='(1.0,-1.0)';
    'DQ'<15>:
      PIN_NUMBER='(A3)';
      BIDIRECTIONAL='TRUE';
      INPUT_LOAD='(-0.01,0.01)';
      OUTPUT_LOAD='(1.0,-1.0)';
    'LDM':
      PIN_NUMBER='(E7)';
      INPUT_LOAD='(-0.01,0.01)';
    'LDQS':
      PIN_NUMBER='(F3)';
      BIDIRECTIONAL='TRUE';
      INPUT_LOAD='(-0.01,0.01)';
      OUTPUT_LOAD='(1.0,-1.0)';
    '-LDQS':
      PIN_NUMBER='(G3)';
      BIDIRECTIONAL='TRUE';
      INPUT_LOAD='(-0.01,0.01)';
      OUTPUT_LOAD='(1.0,-1.0)';
    'ODT':
      PIN_NUMBER='(K1)';
      INPUT_LOAD='(-0.01,0.01)';
    '-RAS':
      PIN_NUMBER='(J3)';
      INPUT_LOAD='(-0.01,0.01)';
    '-RESET':
      PIN_NUMBER='(T2)';
      INPUT_LOAD='(-0.01,0.01)';
    'UDM':
      PIN_NUMBER='(D3)';
      INPUT_LOAD='(-0.01,0.01)';
    'UDQS':
      PIN_NUMBER='(C7)';
      BIDIRECTIONAL='TRUE';
      INPUT_LOAD='(-0.01,0.01)';
      OUTPUT_LOAD='(1.0,-1.0)';
    '-UDQS':
      PIN_NUMBER='(B7)';
      BIDIRECTIONAL='TRUE';
      INPUT_LOAD='(-0.01,0.01)';
      OUTPUT_LOAD='(1.0,-1.0)';
    '-WE':
      PIN_NUMBER='(L3)';
      INPUT_LOAD='(-0.01,0.01)';
    'ZQ':
      PIN_NUMBER='(L8)';
      PINUSE='UNSPEC';
      NO_LOAD_CHECK='Both';
      NO_IO_CHECK='Both';
      NO_ASSERT_CHECK='TRUE';
      NO_DIR_CHECK='TRUE';
      ALLOW_CONNECT='TRUE';
  end_pin;
  body
    PART_NAME='DDR3_2GB_X16_SDRAM';
    BODY_NAME='DDR3_2GB_X16_SDRAM';
    PHYS_DES_PREFIX='U';
    CLASS='IC';
    GROUND_NETS='VSS,VSSQ';
    POWER_PINS='(VDD:B2,D9,G7,K2,K8,N1,N9,R1,R9)';
    POWER_PINS='(VDDQ:A1,A8,C1,C9,D2,E9,F1,H2,H9)';
    POWER_PINS='(VREFCA:M8)';
    POWER_PINS='(VREFDQ:H1)';
    POWER_PINS='(VSS:A9,B3,E1,G8,J2,J8,M1,M9,P1,P9,T1,T9)';
    POWER_PINS='(VSSQ:B1,B9,D1,D8,E2,E8,F9,G1,G9)';
    NC_PINS='(J1,J9,L1,L9,M7,T7)';
  end_body;
end_primitive;

END.
