	(Comment
		(Time 11/04/08,10:51:26)
		(User winsor)
		(MsgId ECO_332)
		(Text "Revision for symbol sym_2 has been updated to 1.0.0")
		(Param1 sym_2)
		(Param2 1.0.0)
	)
	(Comment
		(Time 11/04/08,10:51:26)
		(User winsor)
		(MsgId ECO_332)
		(Text "Revision for symbol sym_1 has been updated to 1.0.0")
		(Param1 sym_1)
		(Param2 1.0.0)
	)
	(Comment
		(Time 11/04/08,10:51:26)
		(User winsor)
		(MsgId ECO_333)
		(Text "Revision for package RES has been updated to 1.0.0")
		(Param1 RES)
		(Param2 1.0.0)
	)
	(Comment
		(Time 11/04/08,10:51:26)
		(User winsor)
		(MsgId ECO_331)
		(Text "Revision for cell res has been updated to 1.0.0")
		(Param1 res)
		(Param2 1.0.0)
	)
	(Comment
		(Time 10/02/09,11:54:47)
		(User chimike)
		(MsgId ECO_332)
		(Text "Revision for symbol sym_2 has been updated to 1.0.0")
		(Param1 sym_2)
		(Param2 1.0.0)
	)
	(Comment
		(Time 10/02/09,11:54:47)
		(User chimike)
		(MsgId ECO_332)
		(Text "Revision for symbol sym_1 has been updated to 1.0.0")
		(Param1 sym_1)
		(Param2 1.0.0)
	)
	(Comment
		(Time 10/02/09,11:54:47)
		(User chimike)
		(MsgId ECO_333)
		(Text "Revision for package RES has been updated to 1.0.0")
		(Param1 RES)
		(Param2 1.0.0)
	)
	(Comment
		(Time 10/02/09,11:54:47)
		(User chimike)
		(MsgId ECO_331)
		(Text "Revision for cell res has been updated to 1.0.0")
		(Param1 res)
		(Param2 1.0.0)
	)
	(Comment
		(Time 10/02/09,11:59:37)
		(User chimike)
		(MsgId ECO_124)
		(Text "Pin location has been modified from Top to Left for pin A in symbol sym_2")
		(Param1 Top)
		(Param2 Left)
		(Param3 A)
		(Param4 sym_2)
	)
	(Comment
		(Time 10/02/09,11:59:37)
		(User chimike)
		(MsgId ECO_124)
		(Text "Pin location has been modified from Bottom to Right for pin B in symbol sym_2")
		(Param1 Bottom)
		(Param2 Right)
		(Param3 B)
		(Param4 sym_2)
	)
	(Comment
		(Time 10/02/09,11:59:37)
		(User chimike)
		(MsgId ECO_094)
		(Text "Graphics in symbol  modified")
		(Param1 )
	)
	(Comment
		(Time 10/02/09,11:59:37)
		(User chimike)
		(MsgId ECO_124)
		(Text "Pin location has been modified from Left to Top for pin A in symbol sym_1")
		(Param1 Left)
		(Param2 Top)
		(Param3 A)
		(Param4 sym_1)
	)
	(Comment
		(Time 10/02/09,11:59:37)
		(User chimike)
		(MsgId ECO_124)
		(Text "Pin location has been modified from Right to Bottom for pin B in symbol sym_1")
		(Param1 Right)
		(Param2 Bottom)
		(Param3 B)
		(Param4 sym_1)
	)
	(Comment
		(Time 10/02/09,11:59:37)
		(User chimike)
		(MsgId ECO_094)
		(Text "Graphics in symbol  modified")
		(Param1 )
	)
	(Comment
		(Time 10/02/09,11:59:37)
		(User chimike)
		(MsgId ECO_332)
		(Text "Revision for symbol sym_1 has been updated to 2.0.0")
		(Param1 sym_1)
		(Param2 2.0.0)
	)
	(Comment
		(Time 10/02/09,11:59:37)
		(User chimike)
		(MsgId ECO_332)
		(Text "Revision for symbol sym_2 has been updated to 2.0.0")
		(Param1 sym_2)
		(Param2 2.0.0)
	)
	(Comment
		(Time 10/02/09,11:59:37)
		(User chimike)
		(MsgId ECO_331)
		(Text "Revision for cell res has been updated to 2.0.0")
		(Param1 res)
		(Param2 2.0.0)
	)
